<?xml version="1.0" encoding="UTF-8"?>
<!-- Generated by org.testng.reporters.JUnitReportReporter -->
<testsuite hostname="DESKTOP-CP4S73C" failures="0" tests="1" name="com.qa.pages.LoginPage" time="22.829" errors="0" timestamp="2020-01-23T12:53:01 IST" skipped="0">
  <testcase classname="com.qa.pages.LoginPage" name="logintoApp" time="22.829"/>
</testsuite> <!-- com.qa.pages.LoginPage -->
